<?xml version="1.0" encoding="UTF-8"?>
<!-- Generated by org.testng.reporters.JUnitReportReporter -->
<testsuite hostname="DESKTOP-RRTMLA5" failures="0" tests="1" name="com.imdb.testCases.IMDBSearchTest" time="13.347" errors="0" timestamp="2024-02-09T10:49:18 IST" skipped="0">
  <testcase classname="com.imdb.testCases.IMDBSearchTest" name="verify_IMDBSearch_functionality" time="13.347"/>
  <system-out/>
</testsuite> <!-- com.imdb.testCases.IMDBSearchTest -->
